<?xml version="1.0" encoding="UTF-8"?>
<!-- Generated by org.testng.reporters.JUnitReportReporter -->
<testsuite hostname="SL-L-4Y90HB3" failures="0" tests="1" name="com.automation.tests.GoogleTest" time="8.661" errors="0" timestamp="2025-09-09T07:54:20 IST" skipped="0">
  <testcase classname="com.automation.tests.GoogleTest" name="testGoogleSearch" time="8.661"/>
</testsuite> <!-- com.automation.tests.GoogleTest -->
